Log file open, 04/14/20 13:33:07
LogWindows: Failed to load 'aqProf.dll' (GetLastError=126)
LogWindows: File 'aqProf.dll' does not exist
LogWindows: Failed to load 'VtuneApi.dll' (GetLastError=126)
LogWindows: File 'VtuneApi.dll' does not exist
LogWindows: Failed to load 'VtuneApi32e.dll' (GetLastError=126)
LogWindows: File 'VtuneApi32e.dll' does not exist
LogConsoleResponse: Display: Failed to find resolution value strings in scalability ini. Falling back to default.
LogInit: Display: Running engine for game: ArchitectureExplorer
LogPlatformFile: Not using cached read wrapper
LogTaskGraph: Started task graph with 5 named threads and 35 total threads with 3 sets of task threads.
LogStats: Stats thread started at 0.079416
LogD3D11RHI: Loaded GFSDK_Aftermath_Lib.x64.dll
LogICUInternationalization: ICU TimeZone Detection - Raw Offset: -8:00, Platform Override: ''
LogPluginManager: Mounting plugin Paper2D
LogPluginManager: Mounting plugin AISupport
LogPluginManager: Mounting plugin LightPropagationVolume
LogPluginManager: Mounting plugin ActorLayerUtilities
LogPluginManager: Mounting plugin AnimationSharing
LogPluginManager: Mounting plugin CLionSourceCodeAccess
LogPluginManager: Mounting plugin CodeLiteSourceCodeAccess
LogPluginManager: Mounting plugin GitSourceControl
LogPluginManager: Mounting plugin KDevelopSourceCodeAccess
LogPluginManager: Mounting plugin NullSourceCodeAccess
LogPluginManager: Mounting plugin PerforceSourceControl
LogPluginManager: Mounting plugin PlasticSourceControl
LogPluginManager: Mounting plugin SubversionSourceControl
LogPluginManager: Mounting plugin UObjectPlugin
LogPluginManager: Mounting plugin VisualStudioCodeSourceCodeAccess
LogPluginManager: Mounting plugin VisualStudioSourceCodeAccess
LogPluginManager: Mounting plugin XCodeSourceCodeAccess
LogPluginManager: Mounting plugin AssetManagerEditor
LogPluginManager: Mounting plugin CryptoKeys
LogPluginManager: Mounting plugin CurveEditorTools
LogPluginManager: Mounting plugin DataValidation
LogPluginManager: Mounting plugin FacialAnimation
LogPluginManager: Mounting plugin GameplayTagsEditor
LogPluginManager: Mounting plugin MacGraphicsSwitching
LogPluginManager: Mounting plugin MaterialAnalyzer
LogPluginManager: Mounting plugin MobileLauncherProfileWizard
LogPluginManager: Mounting plugin PluginBrowser
LogPluginManager: Mounting plugin SpeedTreeImporter
LogPluginManager: Mounting plugin DatasmithContent
LogPluginManager: Mounting plugin VariantManagerContent
LogPluginManager: Mounting plugin AlembicImporter
LogPluginManager: Mounting plugin AutomationUtils
LogPluginManager: Mounting plugin BackChannel
LogPluginManager: Mounting plugin CharacterAI
LogPluginManager: Mounting plugin GeometryCache
LogPluginManager: Mounting plugin PlatformCrypto
LogPluginManager: Mounting plugin ProxyLODPlugin
LogPluginManager: Mounting plugin SkeletalReduction
LogPluginManager: Mounting plugin MagicLeap
LogPluginManager: Mounting plugin MagicLeapMedia
LogPluginManager: Mounting plugin MLSDK
LogPluginManager: Mounting plugin AndroidMedia
LogPluginManager: Mounting plugin AvfMedia
LogPluginManager: Mounting plugin ImgMedia
LogPluginManager: Mounting plugin MediaCompositing
LogPluginManager: Mounting plugin MediaPlayerEditor
LogPluginManager: Mounting plugin WebMMedia
LogPluginManager: Mounting plugin WmfMedia
LogPluginManager: Mounting plugin TcpMessaging
LogPluginManager: Mounting plugin UdpMessaging
LogPluginManager: Mounting plugin ActorSequence
LogPluginManager: Mounting plugin LevelSequenceEditor
LogPluginManager: Mounting plugin MatineeToLevelSequence
LogPluginManager: Mounting plugin NetcodeUnitTest
LogPluginManager: Mounting plugin NUTUnrealEngine4
LogPluginManager: Mounting plugin OnlineSubsystemGooglePlay
LogPluginManager: Mounting plugin OnlineSubsystemIOS
LogPluginManager: Mounting plugin OnlineSubsystem
LogPluginManager: Mounting plugin OnlineSubsystemNull
LogPluginManager: Mounting plugin OnlineSubsystemUtils
LogPluginManager: Mounting plugin LauncherChunkInstaller
LogPluginManager: Mounting plugin AndroidDeviceProfileSelector
LogPluginManager: Mounting plugin AndroidMoviePlayer
LogPluginManager: Mounting plugin AndroidPermission
LogPluginManager: Mounting plugin AppleImageUtils
LogPluginManager: Mounting plugin AppleMoviePlayer
LogPluginManager: Mounting plugin ArchVisCharacter
LogPluginManager: Mounting plugin AssetTags
LogPluginManager: Mounting plugin AudioCapture
LogPluginManager: Mounting plugin CableComponent
LogPluginManager: Mounting plugin CustomMeshComponent
LogPluginManager: Mounting plugin EditableMesh
LogPluginManager: Mounting plugin ExampleDeviceProfileSelector
LogPluginManager: Mounting plugin GoogleCloudMessaging
LogPluginManager: Mounting plugin IOSDeviceProfileSelector
LogPluginManager: Mounting plugin LinuxDeviceProfileSelector
LogPluginManager: Mounting plugin LocationServicesBPLibrary
LogPluginManager: Mounting plugin MobilePatchingUtils
LogPluginManager: Mounting plugin OculusVR
LogPluginManager: Mounting plugin PhysXVehicles
LogPluginManager: Mounting plugin PostSplashScreen
LogPluginManager: Mounting plugin ProceduralMeshComponent
LogPluginManager: Mounting plugin RuntimePhysXCooking
LogPluginManager: Mounting plugin SignificanceManager
LogPluginManager: Mounting plugin SteamVR
LogPluginManager: Mounting plugin WebMMoviePlayer
LogPluginManager: Mounting plugin WindowsMoviePlayer
LogPluginManager: Mounting plugin ScreenshotTools
LogInit: Using libcurl 7.55.1-DEV
LogInit:  - built for x86_64-pc-win32
LogInit:  - supports SSL with OpenSSL/1.1.1
LogInit:  - supports HTTP deflate (compression) using libz 1.2.8
LogInit:  - other features:
LogInit:      CURL_VERSION_SSL
LogInit:      CURL_VERSION_LIBZ
LogInit:      CURL_VERSION_IPV6
LogInit:      CURL_VERSION_ASYNCHDNS
LogInit:      CURL_VERSION_LARGEFILE
LogInit:      CURL_VERSION_IDN
LogInit:  CurlRequestOptions (configurable via config and command line):
LogInit:  - bVerifyPeer = true  - Libcurl will verify peer certificate
LogInit:  - bUseHttpProxy = false  - Libcurl will NOT use HTTP proxy
LogInit:  - bDontReuseConnections = false  - Libcurl will reuse connections
LogInit:  - MaxHostConnections = 16  - Libcurl will limit the number of connections to a host
LogInit:  - LocalHostAddr = Default
LogInit:  - BufferSize = 65536
LogOnline: OSS: Creating online subsystem instance for: NULL
LogInit: WinSock: version 1.1 (2.2), MaxSocks=32767, MaxUdp=65467
LogOnline: OSS: TryLoadSubsystemAndSetDefault: Loaded subsystem for module [NULL]
LogInit: Build: ++UE4+Release-4.24-CL-11590370
LogInit: Engine Version: 4.24.3-11590370+++UE4+Release-4.24
LogInit: Compatible Engine Version: 4.24.0-10570792+++UE4+Release-4.24
LogInit: Net CL: 10570792
LogInit: OS: Windows 10 (Release 1903) (), CPU: Intel(R) Core(TM) i7-9750H CPU @ 2.60GHz, GPU: NVIDIA GeForce RTX 2060
LogInit: Compiled (64-bit): Feb 24 2020 15:39:18
LogInit: Compiled with Visual C++: 19.16.27032.01
LogInit: Build Configuration: Development
LogInit: Branch Name: ++UE4+Release-4.24
LogInit: Command Line: 
LogInit: Base Directory: C:/Program Files/Epic Games/UE_4.24/Engine/Binaries/Win64/
LogInit: Installed Engine Build: 1
LogDevObjectVersion: Number of dev versions registered: 25
LogDevObjectVersion:   Dev-Blueprints (B0D832E4-1F89-4F0D-ACCF-7EB736FD4AA2): 10
LogDevObjectVersion:   Dev-Build (E1C64328-A22C-4D53-A36C-8E866417BD8C): 0
LogDevObjectVersion:   Dev-Core (375EC13C-06E4-48FB-B500-84F0262A717E): 3
LogDevObjectVersion:   Dev-Editor (E4B068ED-F494-42E9-A231-DA0B2E46BB41): 37
LogDevObjectVersion:   Dev-Framework (CFFC743F-43B0-4480-9391-14DF171D2073): 36
LogDevObjectVersion:   Dev-Mobile (B02B49B5-BB20-44E9-A304-32B752E40360): 2
LogDevObjectVersion:   Dev-Networking (A4E4105C-59A1-49B5-A7C5-40C4547EDFEE): 0
LogDevObjectVersion:   Dev-Online (39C831C9-5AE6-47DC-9A44-9C173E1C8E7C): 0
LogDevObjectVersion:   Dev-Physics (78F01B33-EBEA-4F98-B9B4-84EACCB95AA2): 2
LogDevObjectVersion:   Dev-Platform (6631380F-2D4D-43E0-8009-CF276956A95A): 0
LogDevObjectVersion:   Dev-Rendering (12F88B9F-8875-4AFC-A67C-D90C383ABD29): 36
LogDevObjectVersion:   Dev-Sequencer (7B5AE74C-D270-4C10-A958-57980B212A5A): 11
LogDevObjectVersion:   Dev-VR (D7296918-1DD6-4BDD-9DE2-64A83CC13884): 2
LogDevObjectVersion:   Dev-LoadTimes (C2A15278-BFE7-4AFE-6C17-90FF531DF755): 1
LogDevObjectVersion:   Private-Geometry (6EACA3D4-40EC-4CC1-B786-8BED09428FC5): 3
LogDevObjectVersion:   Dev-AnimPhys (29E575DD-E0A3-4627-9D10-D276232CDCEA): 17
LogDevObjectVersion:   Dev-Anim (AF43A65D-7FD3-4947-9873-3E8ED9C1BB05): 2
LogDevObjectVersion:   Dev-ReflectionCapture (6B266CEC-1EC7-4B8F-A30B-E4D90942FC07): 1
LogDevObjectVersion:   Dev-Automation (0DF73D61-A23F-47EA-B727-89E90C41499A): 1
LogDevObjectVersion:   FortniteMain (601D1886-AC64-4F84-AA16-D3DE0DEAC7D6): 31
LogDevObjectVersion:   Dev-Enterprise (9DFFBCD6-494F-0158-E221-12823C92A888): 8
LogDevObjectVersion:   Dev-Niagara (F2AED0AC-9AFE-416F-8664-AA7FFA26D6FC): 1
LogDevObjectVersion:   Dev-Destruction (174F1F0B-B4C6-45A5-B13F-2EE8D0FB917D): 9
LogDevObjectVersion:   Dev-Physics-Ext (35F94A83-E258-406C-A318-09F59610247C): 8
LogDevObjectVersion:   Dev-CineCamera (B2E18506-4273-CFC2-A54E-F4BB758BBA07): 1
LogInit: Presizing for max 25165824 objects, including 0 objects not considered by GC, pre-allocating 0 bytes for permanent pool.
LogInit: Object subsystem initialized
LogConfig: Setting CVar [[con.DebugEarlyDefault:1]]
LogConfig: Setting CVar [[r.setres:1280x720]]
[2020.04.14-20.33.08:269][  0]LogConfig: Setting CVar [[r.VSync:0]]
[2020.04.14-20.33.08:269][  0]LogConfig: Setting CVar [[r.RHICmdBypass:0]]
[2020.04.14-20.33.08:269][  0]LogConfig: Applying CVar settings from Section [/Script/Engine.RendererSettings] File [C:/Users/jaqso/Documents/Unreal/Projects/ArchitectureExplorer/Saved/Config/Windows/Engine.ini]
[2020.04.14-20.33.08:269][  0]LogConfig: Setting CVar [[r.GPUCrashDebugging:0]]
[2020.04.14-20.33.08:269][  0]LogConfig: Applying CVar settings from Section [/Script/Engine.RendererOverrideSettings] File [C:/Users/jaqso/Documents/Unreal/Projects/ArchitectureExplorer/Saved/Config/Windows/Engine.ini]
[2020.04.14-20.33.08:269][  0]LogConfig: Applying CVar settings from Section [/Script/Engine.StreamingSettings] File [C:/Users/jaqso/Documents/Unreal/Projects/ArchitectureExplorer/Saved/Config/Windows/Engine.ini]
[2020.04.14-20.33.08:269][  0]LogConfig: Setting CVar [[s.MinBulkDataSizeForAsyncLoading:131072]]
[2020.04.14-20.33.08:269][  0]LogConfig: Setting CVar [[s.AsyncLoadingThreadEnabled:0]]
[2020.04.14-20.33.08:269][  0]LogConfig: Setting CVar [[s.EventDrivenLoaderEnabled:1]]
[2020.04.14-20.33.08:269][  0]LogConfig: Setting CVar [[s.WarnIfTimeLimitExceeded:0]]
[2020.04.14-20.33.08:269][  0]LogConfig: Setting CVar [[s.TimeLimitExceededMultiplier:1.5]]
[2020.04.14-20.33.08:269][  0]LogConfig: Setting CVar [[s.TimeLimitExceededMinTime:0.005]]
[2020.04.14-20.33.08:269][  0]LogConfig: Setting CVar [[s.UseBackgroundLevelStreaming:1]]
[2020.04.14-20.33.08:269][  0]LogConfig: Setting CVar [[s.PriorityAsyncLoadingExtraTime:15.0]]
[2020.04.14-20.33.08:269][  0]LogConfig: Setting CVar [[s.LevelStreamingActorsUpdateTimeLimit:5.0]]
[2020.04.14-20.33.08:269][  0]LogConfig: Setting CVar [[s.PriorityLevelStreamingActorsUpdateExtraTime:5.0]]
[2020.04.14-20.33.08:269][  0]LogConfig: Setting CVar [[s.LevelStreamingComponentsRegistrationGranularity:10]]
[2020.04.14-20.33.08:269][  0]LogConfig: Setting CVar [[s.UnregisterComponentsTimeLimit:1.0]]
[2020.04.14-20.33.08:269][  0]LogConfig: Setting CVar [[s.LevelStreamingComponentsUnregistrationGranularity:5]]
[2020.04.14-20.33.08:269][  0]LogConfig: Setting CVar [[s.FlushStreamingOnExit:1]]
[2020.04.14-20.33.08:269][  0]LogConfig: Applying CVar settings from Section [/Script/Engine.GarbageCollectionSettings] File [C:/Users/jaqso/Documents/Unreal/Projects/ArchitectureExplorer/Saved/Config/Windows/Engine.ini]
[2020.04.14-20.33.08:269][  0]LogConfig: Setting CVar [[gc.MaxObjectsNotConsideredByGC:1]]
[2020.04.14-20.33.08:269][  0]LogConfig: Setting CVar [[gc.SizeOfPermanentObjectPool:0]]
[2020.04.14-20.33.08:269][  0]LogConfig: Setting CVar [[gc.FlushStreamingOnGC:0]]
[2020.04.14-20.33.08:269][  0]LogConfig: Setting CVar [[gc.NumRetriesBeforeForcingGC:10]]
[2020.04.14-20.33.08:269][  0]LogConfig: Setting CVar [[gc.AllowParallelGC:1]]
[2020.04.14-20.33.08:269][  0]LogConfig: Setting CVar [[gc.TimeBetweenPurgingPendingKillObjects:61.1]]
[2020.04.14-20.33.08:269][  0]LogConfig: Setting CVar [[gc.MaxObjectsInEditor:25165824]]
[2020.04.14-20.33.08:269][  0]LogConfig: Setting CVar [[gc.IncrementalBeginDestroyEnabled:1]]
[2020.04.14-20.33.08:269][  0]LogConfig: Setting CVar [[gc.CreateGCClusters:1]]
[2020.04.14-20.33.08:269][  0]LogConfig: Setting CVar [[gc.MinGCClusterSize:5]]
[2020.04.14-20.33.08:269][  0]LogConfig: Setting CVar [[gc.ActorClusteringEnabled:0]]
[2020.04.14-20.33.08:269][  0]LogConfig: Setting CVar [[gc.BlueprintClusteringEnabled:0]]
[2020.04.14-20.33.08:269][  0]LogConfig: Setting CVar [[gc.UseDisregardForGCOnDedicatedServers:0]]
[2020.04.14-20.33.08:269][  0]LogConfig: Applying CVar settings from Section [/Script/Engine.NetworkSettings] File [C:/Users/jaqso/Documents/Unreal/Projects/ArchitectureExplorer/Saved/Config/Windows/Engine.ini]
[2020.04.14-20.33.08:269][  0]LogConfig: Applying CVar settings from Section [/Script/UnrealEd.CookerSettings] File [C:/Users/jaqso/Documents/Unreal/Projects/ArchitectureExplorer/Saved/Config/Windows/Engine.ini]
[2020.04.14-20.33.08:271][  0]LogConfig: Applying CVar settings from Section [ViewDistanceQuality@3] File [C:/Users/jaqso/Documents/Unreal/Projects/ArchitectureExplorer/Saved/Config/Windows/Scalability.ini]
[2020.04.14-20.33.08:271][  0]LogConfig: Setting CVar [[r.SkeletalMeshLODBias:0]]
[2020.04.14-20.33.08:271][  0]LogConfig: Setting CVar [[r.ViewDistanceScale:1.0]]
[2020.04.14-20.33.08:271][  0]LogConfig: Applying CVar settings from Section [AntiAliasingQuality@3] File [C:/Users/jaqso/Documents/Unreal/Projects/ArchitectureExplorer/Saved/Config/Windows/Scalability.ini]
[2020.04.14-20.33.08:271][  0]LogConfig: Setting CVar [[r.PostProcessAAQuality:4]]
[2020.04.14-20.33.08:271][  0]LogConfig: Applying CVar settings from Section [ShadowQuality@3] File [C:/Users/jaqso/Documents/Unreal/Projects/ArchitectureExplorer/Saved/Config/Windows/Scalability.ini]
[2020.04.14-20.33.08:271][  0]LogConfig: Setting CVar [[r.LightFunctionQuality:1]]
[2020.04.14-20.33.08:271][  0]LogConfig: Setting CVar [[r.ShadowQuality:5]]
[2020.04.14-20.33.08:271][  0]LogConfig: Setting CVar [[r.Shadow.CSM.MaxCascades:10]]
[2020.04.14-20.33.08:271][  0]LogConfig: Setting CVar [[r.Shadow.MaxResolution:2048]]
[2020.04.14-20.33.08:271][  0]LogConfig: Setting CVar [[r.Shadow.MaxCSMResolution:2048]]
[2020.04.14-20.33.08:271][  0]LogConfig: Setting CVar [[r.Shadow.RadiusThreshold:0.01]]
[2020.04.14-20.33.08:271][  0]LogConfig: Setting CVar [[r.Shadow.DistanceScale:1.0]]
[2020.04.14-20.33.08:271][  0]LogConfig: Setting CVar [[r.Shadow.CSM.TransitionScale:1.0]]
[2020.04.14-20.33.08:271][  0]LogConfig: Setting CVar [[r.Shadow.PreShadowResolutionFactor:1.0]]
[2020.04.14-20.33.08:271][  0]LogConfig: Setting CVar [[r.DistanceFieldShadowing:1]]
[2020.04.14-20.33.08:271][  0]LogConfig: Setting CVar [[r.DistanceFieldAO:1]]
[2020.04.14-20.33.08:271][  0]LogConfig: Setting CVar [[r.AOQuality:2]]
[2020.04.14-20.33.08:271][  0]LogConfig: Setting CVar [[r.VolumetricFog:1]]
[2020.04.14-20.33.08:271][  0]LogConfig: Setting CVar [[r.VolumetricFog.GridPixelSize:8]]
[2020.04.14-20.33.08:271][  0]LogConfig: Setting CVar [[r.VolumetricFog.GridSizeZ:128]]
[2020.04.14-20.33.08:271][  0]LogConfig: Setting CVar [[r.VolumetricFog.HistoryMissSupersampleCount:4]]
[2020.04.14-20.33.08:271][  0]LogConfig: Setting CVar [[r.LightMaxDrawDistanceScale:1]]
[2020.04.14-20.33.08:271][  0]LogConfig: Setting CVar [[r.CapsuleShadows:1]]
[2020.04.14-20.33.08:271][  0]LogConfig: Applying CVar settings from Section [PostProcessQuality@3] File [C:/Users/jaqso/Documents/Unreal/Projects/ArchitectureExplorer/Saved/Config/Windows/Scalability.ini]
[2020.04.14-20.33.08:271][  0]LogConfig: Setting CVar [[r.MotionBlurQuality:4]]
[2020.04.14-20.33.08:272][  0]LogConfig: Setting CVar [[r.AmbientOcclusionMipLevelFactor:0.4]]
[2020.04.14-20.33.08:272][  0]LogConfig: Setting CVar [[r.AmbientOcclusionMaxQuality:100]]
[2020.04.14-20.33.08:272][  0]LogConfig: Setting CVar [[r.AmbientOcclusionLevels:-1]]
[2020.04.14-20.33.08:272][  0]LogConfig: Setting CVar [[r.AmbientOcclusionRadiusScale:1.0]]
[2020.04.14-20.33.08:272][  0]LogConfig: Setting CVar [[r.DepthOfFieldQuality:2]]
[2020.04.14-20.33.08:272][  0]LogConfig: Setting CVar [[r.RenderTargetPoolMin:400]]
[2020.04.14-20.33.08:272][  0]LogConfig: Setting CVar [[r.LensFlareQuality:2]]
[2020.04.14-20.33.08:272][  0]LogConfig: Setting CVar [[r.SceneColorFringeQuality:1]]
[2020.04.14-20.33.08:272][  0]LogConfig: Setting CVar [[r.EyeAdaptationQuality:2]]
[2020.04.14-20.33.08:272][  0]LogConfig: Setting CVar [[r.BloomQuality:5]]
[2020.04.14-20.33.08:272][  0]LogConfig: Setting CVar [[r.FastBlurThreshold:100]]
[2020.04.14-20.33.08:272][  0]LogConfig: Setting CVar [[r.Upscale.Quality:3]]
[2020.04.14-20.33.08:272][  0]LogConfig: Setting CVar [[r.Tonemapper.GrainQuantization:1]]
[2020.04.14-20.33.08:272][  0]LogConfig: Setting CVar [[r.LightShaftQuality:1]]
[2020.04.14-20.33.08:272][  0]LogConfig: Setting CVar [[r.Filter.SizeScale:1]]
[2020.04.14-20.33.08:272][  0]LogConfig: Setting CVar [[r.Tonemapper.Quality:5]]
[2020.04.14-20.33.08:272][  0]LogConfig: Setting CVar [[r.DOF.Gather.AccumulatorQuality:1        ; higher gathering accumulator quality]]
[2020.04.14-20.33.08:272][  0]LogConfig: Setting CVar [[r.DOF.Gather.PostfilterMethod:1          ; Median3x3 postfilering method]]
[2020.04.14-20.33.08:272][  0]LogConfig: Setting CVar [[r.DOF.Gather.EnableBokehSettings:0       ; no bokeh simulation when gathering]]
[2020.04.14-20.33.08:272][  0]LogConfig: Setting CVar [[r.DOF.Gather.RingCount:4                 ; medium number of samples when gathering]]
[2020.04.14-20.33.08:272][  0]LogConfig: Setting CVar [[r.DOF.Scatter.ForegroundCompositing:1    ; additive foreground scattering]]
[2020.04.14-20.33.08:272][  0]LogConfig: Setting CVar [[r.DOF.Scatter.BackgroundCompositing:2    ; additive background scattering]]
[2020.04.14-20.33.08:272][  0]LogConfig: Setting CVar [[r.DOF.Scatter.EnableBokehSettings:1      ; bokeh simulation when scattering]]
[2020.04.14-20.33.08:272][  0]LogConfig: Setting CVar [[r.DOF.Scatter.MaxSpriteRatio:0.1         ; only a maximum of 10% of scattered bokeh]]
[2020.04.14-20.33.08:272][  0]LogConfig: Setting CVar [[r.DOF.Recombine.Quality:1                ; cheap slight out of focus]]
[2020.04.14-20.33.08:272][  0]LogConfig: Setting CVar [[r.DOF.Recombine.EnableBokehSettings:0    ; no bokeh simulation on slight out of focus]]
[2020.04.14-20.33.08:272][  0]LogConfig: Setting CVar [[r.DOF.TemporalAAQuality:1                ; more stable temporal accumulation]]
[2020.04.14-20.33.08:272][  0]LogConfig: Setting CVar [[r.DOF.Kernel.MaxForegroundRadius:0.025]]
[2020.04.14-20.33.08:272][  0]LogConfig: Setting CVar [[r.DOF.Kernel.MaxBackgroundRadius:0.025]]
[2020.04.14-20.33.08:272][  0]LogConfig: Applying CVar settings from Section [TextureQuality@3] File [C:/Users/jaqso/Documents/Unreal/Projects/ArchitectureExplorer/Saved/Config/Windows/Scalability.ini]
[2020.04.14-20.33.08:272][  0]LogConfig: Setting CVar [[r.Streaming.MipBias:0]]
[2020.04.14-20.33.08:272][  0]LogConfig: Setting CVar [[r.Streaming.AmortizeCPUToGPUCopy:0]]
[2020.04.14-20.33.08:272][  0]LogConfig: Setting CVar [[r.Streaming.MaxNumTexturesToStreamPerFrame:0]]
[2020.04.14-20.33.08:272][  0]LogConfig: Setting CVar [[r.Streaming.Boost:1]]
[2020.04.14-20.33.08:272][  0]LogConfig: Setting CVar [[r.MaxAnisotropy:8]]
[2020.04.14-20.33.08:272][  0]LogConfig: Setting CVar [[r.VT.MaxAnisotropy:8]]
[2020.04.14-20.33.08:272][  0]LogConfig: Setting CVar [[r.Streaming.LimitPoolSizeToVRAM:0]]
[2020.04.14-20.33.08:272][  0]LogConfig: Setting CVar [[r.Streaming.PoolSize:1000]]
[2020.04.14-20.33.08:272][  0]LogConfig: Setting CVar [[r.Streaming.MaxEffectiveScreenSize:0]]
[2020.04.14-20.33.08:272][  0]LogConfig: Applying CVar settings from Section [EffectsQuality@3] File [C:/Users/jaqso/Documents/Unreal/Projects/ArchitectureExplorer/Saved/Config/Windows/Scalability.ini]
[2020.04.14-20.33.08:272][  0]LogConfig: Setting CVar [[r.TranslucencyLightingVolumeDim:64]]
[2020.04.14-20.33.08:272][  0]LogConfig: Setting CVar [[r.RefractionQuality:2]]
[2020.04.14-20.33.08:272][  0]LogConfig: Setting CVar [[r.SSR.Quality:3]]
[2020.04.14-20.33.08:272][  0]LogConfig: Setting CVar [[r.SSR.HalfResSceneColor:0]]
[2020.04.14-20.33.08:272][  0]LogConfig: Setting CVar [[r.SceneColorFormat:4]]
[2020.04.14-20.33.08:272][  0]LogConfig: Setting CVar [[r.DetailMode:2]]
[2020.04.14-20.33.08:272][  0]LogConfig: Setting CVar [[r.TranslucencyVolumeBlur:1]]
[2020.04.14-20.33.08:272][  0]LogConfig: Setting CVar [[r.MaterialQualityLevel:1 ; High quality]]
[2020.04.14-20.33.08:272][  0]LogConfig: Setting CVar [[r.SSS.Scale:1]]
[2020.04.14-20.33.08:272][  0]LogConfig: Setting CVar [[r.SSS.SampleSet:2]]
[2020.04.14-20.33.08:272][  0]LogConfig: Setting CVar [[r.SSS.Quality:1]]
[2020.04.14-20.33.08:272][  0]LogConfig: Setting CVar [[r.SSS.HalfRes:1]]
[2020.04.14-20.33.08:273][  0]LogConfig: Setting CVar [[r.SSGI.Quality:3]]
[2020.04.14-20.33.08:273][  0]LogConfig: Setting CVar [[r.EmitterSpawnRateScale:1.0]]
[2020.04.14-20.33.08:273][  0]LogConfig: Setting CVar [[r.ParticleLightQuality:2]]
[2020.04.14-20.33.08:273][  0]LogConfig: Setting CVar [[r.SkyAtmosphere.AerialPerspectiveLUT.FastApplyOnOpaque:1 ; Always have FastSkyLUT 1 in this case to avoid wrong sky]]
[2020.04.14-20.33.08:273][  0]LogConfig: Setting CVar [[r.SkyAtmosphere.AerialPerspectiveLUT.SampleCountPerSlice:1]]
[2020.04.14-20.33.08:273][  0]LogConfig: Setting CVar [[r.SkyAtmosphere.AerialPerspectiveLUT.DepthResolution:16.0]]
[2020.04.14-20.33.08:273][  0]LogConfig: Setting CVar [[r.SkyAtmosphere.FastSkyLUT:1]]
[2020.04.14-20.33.08:273][  0]LogConfig: Setting CVar [[r.SkyAtmosphere.FastSkyLUT.SampleCountMin:4.0]]
[2020.04.14-20.33.08:273][  0]LogConfig: Setting CVar [[r.SkyAtmosphere.FastSkyLUT.SampleCountMax:32.0]]
[2020.04.14-20.33.08:273][  0]LogConfig: Setting CVar [[r.SkyAtmosphere.SampleCountMin:4.0]]
[2020.04.14-20.33.08:273][  0]LogConfig: Setting CVar [[r.SkyAtmosphere.SampleCountMax:32.0]]
[2020.04.14-20.33.08:273][  0]LogConfig: Setting CVar [[r.SkyAtmosphere.TransmittanceLUT.UseSmallFormat:0]]
[2020.04.14-20.33.08:273][  0]LogConfig: Setting CVar [[r.SkyAtmosphere.TransmittanceLUT.SampleCount:10.0]]
[2020.04.14-20.33.08:273][  0]LogConfig: Setting CVar [[r.SkyAtmosphere.MultiScatteringLUT.SampleCount:15.0]]
[2020.04.14-20.33.08:273][  0]LogConfig: Applying CVar settings from Section [FoliageQuality@3] File [C:/Users/jaqso/Documents/Unreal/Projects/ArchitectureExplorer/Saved/Config/Windows/Scalability.ini]
[2020.04.14-20.33.08:273][  0]LogConfig: Setting CVar [[foliage.DensityScale:1.0]]
[2020.04.14-20.33.08:273][  0]LogConfig: Setting CVar [[grass.DensityScale:1.0]]
[2020.04.14-20.33.08:273][  0]LogConfig: Applying CVar settings from Section [ShadingQuality@3] File [C:/Users/jaqso/Documents/Unreal/Projects/ArchitectureExplorer/Saved/Config/Windows/Scalability.ini]
[2020.04.14-20.33.08:273][  0]LogConfig: Setting CVar [[r.HairStrands.SkyLighting.SampleCount:16]]
[2020.04.14-20.33.08:273][  0]LogConfig: Setting CVar [[r.HairStrands.SkyLighting.JitterIntegration:0]]
[2020.04.14-20.33.08:273][  0]LogConfig: Setting CVar [[r.HairStrands.SkyAO.SampleCount:16]]
[2020.04.14-20.33.08:273][  0]LogInit: Selected Device Profile: [Windows]
[2020.04.14-20.33.08:273][  0]LogInit: Applying CVar settings loaded from the selected device profile: [Windows]
[2020.04.14-20.33.08:277][  0]LogHAL: Display: Platform has ~ 16 GB [17095249920 / 17179869184 / 16], which maps to Larger [LargestMinGB=32, LargerMinGB=12, DefaultMinGB=8, SmallerMinGB=6, SmallestMinGB=0)
[2020.04.14-20.33.08:277][  0]LogInit: Going up to parent DeviceProfile []
[2020.04.14-20.33.08:277][  0]LogConfig: Applying CVar settings from Section [ViewDistanceQuality@3] File [C:/Users/jaqso/Documents/Unreal/Projects/ArchitectureExplorer/Saved/Config/Windows/Scalability.ini]
[2020.04.14-20.33.08:277][  0]LogConfig: Setting CVar [[r.SkeletalMeshLODBias:0]]
[2020.04.14-20.33.08:277][  0]LogConfig: Setting CVar [[r.ViewDistanceScale:1.0]]
[2020.04.14-20.33.08:277][  0]LogConfig: Applying CVar settings from Section [AntiAliasingQuality@3] File [C:/Users/jaqso/Documents/Unreal/Projects/ArchitectureExplorer/Saved/Config/Windows/Scalability.ini]
[2020.04.14-20.33.08:277][  0]LogConfig: Setting CVar [[r.PostProcessAAQuality:4]]
[2020.04.14-20.33.08:277][  0]LogConfig: Applying CVar settings from Section [ShadowQuality@3] File [C:/Users/jaqso/Documents/Unreal/Projects/ArchitectureExplorer/Saved/Config/Windows/Scalability.ini]
[2020.04.14-20.33.08:277][  0]LogConfig: Setting CVar [[r.LightFunctionQuality:1]]
[2020.04.14-20.33.08:277][  0]LogConfig: Setting CVar [[r.ShadowQuality:5]]
[2020.04.14-20.33.08:277][  0]LogConfig: Setting CVar [[r.Shadow.CSM.MaxCascades:10]]
[2020.04.14-20.33.08:277][  0]LogConfig: Setting CVar [[r.Shadow.MaxResolution:2048]]
[2020.04.14-20.33.08:277][  0]LogConfig: Setting CVar [[r.Shadow.MaxCSMResolution:2048]]
[2020.04.14-20.33.08:277][  0]LogConfig: Setting CVar [[r.Shadow.RadiusThreshold:0.01]]
[2020.04.14-20.33.08:277][  0]LogConfig: Setting CVar [[r.Shadow.DistanceScale:1.0]]
[2020.04.14-20.33.08:277][  0]LogConfig: Setting CVar [[r.Shadow.CSM.TransitionScale:1.0]]
[2020.04.14-20.33.08:277][  0]LogConfig: Setting CVar [[r.Shadow.PreShadowResolutionFactor:1.0]]
[2020.04.14-20.33.08:277][  0]LogConfig: Setting CVar [[r.DistanceFieldShadowing:1]]
[2020.04.14-20.33.08:277][  0]LogConfig: Setting CVar [[r.DistanceFieldAO:1]]
[2020.04.14-20.33.08:277][  0]LogConfig: Setting CVar [[r.AOQuality:2]]
[2020.04.14-20.33.08:277][  0]LogConfig: Setting CVar [[r.VolumetricFog:1]]
[2020.04.14-20.33.08:277][  0]LogConfig: Setting CVar [[r.VolumetricFog.GridPixelSize:8]]
[2020.04.14-20.33.08:277][  0]LogConfig: Setting CVar [[r.VolumetricFog.GridSizeZ:128]]
[2020.04.14-20.33.08:277][  0]LogConfig: Setting CVar [[r.VolumetricFog.HistoryMissSupersampleCount:4]]
[2020.04.14-20.33.08:277][  0]LogConfig: Setting CVar [[r.LightMaxDrawDistanceScale:1]]
[2020.04.14-20.33.08:277][  0]LogConfig: Setting CVar [[r.CapsuleShadows:1]]
[2020.04.14-20.33.08:277][  0]LogConfig: Applying CVar settings from Section [PostProcessQuality@3] File [C:/Users/jaqso/Documents/Unreal/Projects/ArchitectureExplorer/Saved/Config/Windows/Scalability.ini]
[2020.04.14-20.33.08:277][  0]LogConfig: Setting CVar [[r.MotionBlurQuality:4]]
[2020.04.14-20.33.08:277][  0]LogConfig: Setting CVar [[r.AmbientOcclusionMipLevelFactor:0.4]]
[2020.04.14-20.33.08:277][  0]LogConfig: Setting CVar [[r.AmbientOcclusionMaxQuality:100]]
[2020.04.14-20.33.08:277][  0]LogConfig: Setting CVar [[r.AmbientOcclusionLevels:-1]]
[2020.04.14-20.33.08:277][  0]LogConfig: Setting CVar [[r.AmbientOcclusionRadiusScale:1.0]]
[2020.04.14-20.33.08:277][  0]LogConfig: Setting CVar [[r.DepthOfFieldQuality:2]]
[2020.04.14-20.33.08:277][  0]LogConfig: Setting CVar [[r.RenderTargetPoolMin:400]]
[2020.04.14-20.33.08:277][  0]LogConfig: Setting CVar [[r.LensFlareQuality:2]]
[2020.04.14-20.33.08:277][  0]LogConfig: Setting CVar [[r.SceneColorFringeQuality:1]]
[2020.04.14-20.33.08:277][  0]LogConfig: Setting CVar [[r.EyeAdaptationQuality:2]]
[2020.04.14-20.33.08:277][  0]LogConfig: Setting CVar [[r.BloomQuality:5]]
[2020.04.14-20.33.08:277][  0]LogConfig: Setting CVar [[r.FastBlurThreshold:100]]
[2020.04.14-20.33.08:277][  0]LogConfig: Setting CVar [[r.Upscale.Quality:3]]
[2020.04.14-20.33.08:277][  0]LogConfig: Setting CVar [[r.Tonemapper.GrainQuantization:1]]
[2020.04.14-20.33.08:277][  0]LogConfig: Setting CVar [[r.LightShaftQuality:1]]
[2020.04.14-20.33.08:277][  0]LogConfig: Setting CVar [[r.Filter.SizeScale:1]]
[2020.04.14-20.33.08:277][  0]LogConfig: Setting CVar [[r.Tonemapper.Quality:5]]
[2020.04.14-20.33.08:277][  0]LogConfig: Setting CVar [[r.DOF.Gather.AccumulatorQuality:1        ; higher gathering accumulator quality]]
[2020.04.14-20.33.08:277][  0]LogConfig: Setting CVar [[r.DOF.Gather.PostfilterMethod:1          ; Median3x3 postfilering method]]
[2020.04.14-20.33.08:277][  0]LogConfig: Setting CVar [[r.DOF.Gather.EnableBokehSettings:0       ; no bokeh simulation when gathering]]
[2020.04.14-20.33.08:277][  0]LogConfig: Setting CVar [[r.DOF.Gather.RingCount:4                 ; medium number of samples when gathering]]
[2020.04.14-20.33.08:277][  0]LogConfig: Setting CVar [[r.DOF.Scatter.ForegroundCompositing:1    ; additive foreground scattering]]
[2020.04.14-20.33.08:277][  0]LogConfig: Setting CVar [[r.DOF.Scatter.BackgroundCompositing:2    ; additive background scattering]]
[2020.04.14-20.33.08:277][  0]LogConfig: Setting CVar [[r.DOF.Scatter.EnableBokehSettings:1      ; bokeh simulation when scattering]]
[2020.04.14-20.33.08:277][  0]LogConfig: Setting CVar [[r.DOF.Scatter.MaxSpriteRatio:0.1         ; only a maximum of 10% of scattered bokeh]]
[2020.04.14-20.33.08:277][  0]LogConfig: Setting CVar [[r.DOF.Recombine.Quality:1                ; cheap slight out of focus]]
[2020.04.14-20.33.08:277][  0]LogConfig: Setting CVar [[r.DOF.Recombine.EnableBokehSettings:0    ; no bokeh simulation on slight out of focus]]
[2020.04.14-20.33.08:277][  0]LogConfig: Setting CVar [[r.DOF.TemporalAAQuality:1                ; more stable temporal accumulation]]
[2020.04.14-20.33.08:277][  0]LogConfig: Setting CVar [[r.DOF.Kernel.MaxForegroundRadius:0.025]]
[2020.04.14-20.33.08:277][  0]LogConfig: Setting CVar [[r.DOF.Kernel.MaxBackgroundRadius:0.025]]
[2020.04.14-20.33.08:277][  0]LogConfig: Applying CVar settings from Section [TextureQuality@3] File [C:/Users/jaqso/Documents/Unreal/Projects/ArchitectureExplorer/Saved/Config/Windows/Scalability.ini]
[2020.04.14-20.33.08:277][  0]LogConfig: Setting CVar [[r.Streaming.MipBias:0]]
[2020.04.14-20.33.08:277][  0]LogConfig: Setting CVar [[r.Streaming.AmortizeCPUToGPUCopy:0]]
[2020.04.14-20.33.08:277][  0]LogConfig: Setting CVar [[r.Streaming.MaxNumTexturesToStreamPerFrame:0]]
[2020.04.14-20.33.08:277][  0]LogConfig: Setting CVar [[r.Streaming.Boost:1]]
[2020.04.14-20.33.08:277][  0]LogConfig: Setting CVar [[r.MaxAnisotropy:8]]
[2020.04.14-20.33.08:277][  0]LogConfig: Setting CVar [[r.VT.MaxAnisotropy:8]]
[2020.04.14-20.33.08:277][  0]LogConfig: Setting CVar [[r.Streaming.LimitPoolSizeToVRAM:0]]
[2020.04.14-20.33.08:278][  0]LogConfig: Setting CVar [[r.Streaming.PoolSize:1000]]
[2020.04.14-20.33.08:278][  0]LogConfig: Setting CVar [[r.Streaming.MaxEffectiveScreenSize:0]]
[2020.04.14-20.33.08:278][  0]LogConfig: Applying CVar settings from Section [EffectsQuality@3] File [C:/Users/jaqso/Documents/Unreal/Projects/ArchitectureExplorer/Saved/Config/Windows/Scalability.ini]
[2020.04.14-20.33.08:278][  0]LogConfig: Setting CVar [[r.TranslucencyLightingVolumeDim:64]]
[2020.04.14-20.33.08:278][  0]LogConfig: Setting CVar [[r.RefractionQuality:2]]
[2020.04.14-20.33.08:278][  0]LogConfig: Setting CVar [[r.SSR.Quality:3]]
[2020.04.14-20.33.08:278][  0]LogConfig: Setting CVar [[r.SSR.HalfResSceneColor:0]]
[2020.04.14-20.33.08:278][  0]LogConfig: Setting CVar [[r.SceneColorFormat:4]]
[2020.04.14-20.33.08:278][  0]LogConfig: Setting CVar [[r.DetailMode:2]]
[2020.04.14-20.33.08:278][  0]LogConfig: Setting CVar [[r.TranslucencyVolumeBlur:1]]
[2020.04.14-20.33.08:278][  0]LogConfig: Setting CVar [[r.MaterialQualityLevel:1 ; High quality]]
[2020.04.14-20.33.08:278][  0]LogConfig: Setting CVar [[r.SSS.Scale:1]]
[2020.04.14-20.33.08:278][  0]LogConfig: Setting CVar [[r.SSS.SampleSet:2]]
[2020.04.14-20.33.08:278][  0]LogConfig: Setting CVar [[r.SSS.Quality:1]]
[2020.04.14-20.33.08:278][  0]LogConfig: Setting CVar [[r.SSS.HalfRes:1]]
[2020.04.14-20.33.08:278][  0]LogConfig: Setting CVar [[r.SSGI.Quality:3]]
[2020.04.14-20.33.08:278][  0]LogConfig: Setting CVar [[r.EmitterSpawnRateScale:1.0]]
[2020.04.14-20.33.08:278][  0]LogConfig: Setting CVar [[r.ParticleLightQuality:2]]
[2020.04.14-20.33.08:278][  0]LogConfig: Setting CVar [[r.SkyAtmosphere.AerialPerspectiveLUT.FastApplyOnOpaque:1 ; Always have FastSkyLUT 1 in this case to avoid wrong sky]]
[2020.04.14-20.33.08:278][  0]LogConfig: Setting CVar [[r.SkyAtmosphere.AerialPerspectiveLUT.SampleCountPerSlice:1]]
[2020.04.14-20.33.08:278][  0]LogConfig: Setting CVar [[r.SkyAtmosphere.AerialPerspectiveLUT.DepthResolution:16.0]]
[2020.04.14-20.33.08:278][  0]LogConfig: Setting CVar [[r.SkyAtmosphere.FastSkyLUT:1]]
[2020.04.14-20.33.08:278][  0]LogConfig: Setting CVar [[r.SkyAtmosphere.FastSkyLUT.SampleCountMin:4.0]]
[2020.04.14-20.33.08:278][  0]LogConfig: Setting CVar [[r.SkyAtmosphere.FastSkyLUT.SampleCountMax:32.0]]
[2020.04.14-20.33.08:278][  0]LogConfig: Setting CVar [[r.SkyAtmosphere.SampleCountMin:4.0]]
[2020.04.14-20.33.08:278][  0]LogConfig: Setting CVar [[r.SkyAtmosphere.SampleCountMax:32.0]]
[2020.04.14-20.33.08:278][  0]LogConfig: Setting CVar [[r.SkyAtmosphere.TransmittanceLUT.UseSmallFormat:0]]
[2020.04.14-20.33.08:278][  0]LogConfig: Setting CVar [[r.SkyAtmosphere.TransmittanceLUT.SampleCount:10.0]]
[2020.04.14-20.33.08:278][  0]LogConfig: Setting CVar [[r.SkyAtmosphere.MultiScatteringLUT.SampleCount:15.0]]
[2020.04.14-20.33.08:278][  0]LogConfig: Applying CVar settings from Section [FoliageQuality@3] File [C:/Users/jaqso/Documents/Unreal/Projects/ArchitectureExplorer/Saved/Config/Windows/Scalability.ini]
[2020.04.14-20.33.08:278][  0]LogConfig: Setting CVar [[foliage.DensityScale:1.0]]
[2020.04.14-20.33.08:278][  0]LogConfig: Setting CVar [[grass.DensityScale:1.0]]
[2020.04.14-20.33.08:278][  0]LogConfig: Applying CVar settings from Section [ShadingQuality@3] File [C:/Users/jaqso/Documents/Unreal/Projects/ArchitectureExplorer/Saved/Config/Windows/Scalability.ini]
[2020.04.14-20.33.08:278][  0]LogConfig: Setting CVar [[r.HairStrands.SkyLighting.SampleCount:16]]
[2020.04.14-20.33.08:278][  0]LogConfig: Setting CVar [[r.HairStrands.SkyLighting.JitterIntegration:0]]
[2020.04.14-20.33.08:278][  0]LogConfig: Setting CVar [[r.HairStrands.SkyAO.SampleCount:16]]
[2020.04.14-20.33.08:278][  0]LogConfig: Applying CVar settings from Section [Startup] File [../../../Engine/Config/ConsoleVariables.ini]
[2020.04.14-20.33.08:278][  0]LogConfig: Setting CVar [[net.UseAdaptiveNetUpdateFrequency:0]]
[2020.04.14-20.33.08:278][  0]LogConfig: Setting CVar [[p.chaos.AllowCreatePhysxBodies:1]]
[2020.04.14-20.33.08:278][  0]LogConfig: Applying CVar settings from Section [ConsoleVariables] File [C:/Users/jaqso/Documents/Unreal/Projects/ArchitectureExplorer/Saved/Config/Windows/Engine.ini]
[2020.04.14-20.33.08:278][  0]LogInit: Computer: LAPTOP-TO0FPF7P
[2020.04.14-20.33.08:278][  0]LogInit: User: jaqso
[2020.04.14-20.33.08:278][  0]LogInit: CPU Page size=4096, Cores=6
[2020.04.14-20.33.08:278][  0]LogInit: High frequency timer resolution =10.000000 MHz
[2020.04.14-20.33.08:279][  0]LogMemory: Memory total: Physical=15.9GB (16GB approx)
[2020.04.14-20.33.08:279][  0]LogMemory: Platform Memory Stats for Windows
[2020.04.14-20.33.08:279][  0]LogMemory: Process Physical Memory: 112.39 MB used, 112.40 MB peak
[2020.04.14-20.33.08:279][  0]LogMemory: Process Virtual Memory: 107.73 MB used, 107.73 MB peak
[2020.04.14-20.33.08:279][  0]LogMemory: Physical Memory: 12814.32 MB used,  3488.98 MB free, 16303.30 MB total
[2020.04.14-20.33.08:279][  0]LogMemory: Virtual Memory: 5207.48 MB used,  134212520.00 MB free, 134217728.00 MB total
[2020.04.14-20.33.08:284][  0]LogWindows: WindowsPlatformFeatures enabled
[2020.04.14-20.33.08:300][  0]LogInit: Using OS detected language (en-US).
[2020.04.14-20.33.08:300][  0]LogInit: Using OS detected locale (en-US).
[2020.04.14-20.33.08:301][  0]LogTextLocalizationManager: No specific localization for 'en-US' exists, so the 'en' localization will be used.
[2020.04.14-20.33.08:479][  0]LogInit: Setting process to per monitor DPI aware
[2020.04.14-20.33.08:509][  0]LogSlate: New Slate User Created.  User Index 0, Is Virtual User: 0
[2020.04.14-20.33.08:509][  0]LogSlate: Slate User Registered.  User Index 0, Is Virtual User: 0
[2020.04.14-20.33.08:653][  0]LogD3D11RHI: D3D11 min allowed feature level: 11_0
[2020.04.14-20.33.08:653][  0]LogD3D11RHI: D3D11 max allowed feature level: 11_0
[2020.04.14-20.33.08:653][  0]LogD3D11RHI: D3D11 adapters:
[2020.04.14-20.33.08:724][  0]LogD3D11RHI:    0. 'NVIDIA GeForce RTX 2060' (Feature Level 11_0)
[2020.04.14-20.33.08:724][  0]LogD3D11RHI:       5980/0/8151 MB DedicatedVideo/DedicatedSystem/SharedSystem, Outputs:2, VendorId:0x10de
[2020.04.14-20.33.08:726][  0]LogD3D11RHI:    1. 'Microsoft Basic Render Driver' (Feature Level 11_0)
[2020.04.14-20.33.08:726][  0]LogD3D11RHI:       0/0/8151 MB DedicatedVideo/DedicatedSystem/SharedSystem, Outputs:0, VendorId:0x1414
[2020.04.14-20.33.08:728][  0]LogD3D11RHI:    2. 'Microsoft Basic Render Driver' (Feature Level 11_0)
[2020.04.14-20.33.08:728][  0]LogD3D11RHI:       0/0/8151 MB DedicatedVideo/DedicatedSystem/SharedSystem, Outputs:0, VendorId:0x1414
[2020.04.14-20.33.08:728][  0]LogD3D11RHI: Chosen D3D11 Adapter: 0
[2020.04.14-20.33.08:742][  0]LogD3D11RHI: Creating new Direct3DDevice
[2020.04.14-20.33.08:743][  0]LogD3D11RHI:     GPU DeviceId: 0x1f51 (for the marketing name, search the web for "GPU Device Id")
[2020.04.14-20.33.08:743][  0]LogWindows: EnumDisplayDevices:
[2020.04.14-20.33.08:743][  0]LogWindows:    0. 'NVIDIA GeForce RTX 2060' (P:1 D:1)
[2020.04.14-20.33.08:743][  0]LogWindows:    1. 'NVIDIA GeForce RTX 2060' (P:0 D:0)
[2020.04.14-20.33.08:743][  0]LogWindows:    2. 'NVIDIA GeForce RTX 2060' (P:0 D:0)
[2020.04.14-20.33.08:744][  0]LogWindows:    3. 'NVIDIA GeForce RTX 2060' (P:0 D:0)
[2020.04.14-20.33.08:744][  0]LogWindows:    4. 'DisplayLink USB Device' (P:0 D:1)
[2020.04.14-20.33.08:744][  0]LogWindows: DebugString: GetVideoDriverDetailsInvalid PrimaryIsNotTheChoosenAdapter FoundDriverCount:4 
[2020.04.14-20.33.08:744][  0]LogD3D11RHI:     Adapter Name: NVIDIA GeForce RTX 2060
[2020.04.14-20.33.08:744][  0]LogD3D11RHI:   Driver Version: 431.65 (internal:26.21.14.3165, unified:431.65)
[2020.04.14-20.33.08:744][  0]LogD3D11RHI:      Driver Date: 7-22-2019
[2020.04.14-20.33.08:744][  0]LogRHI: Texture pool is 4186 MB (70% of 5980 MB)
[2020.04.14-20.33.08:802][  0]LogD3D11RHI: RHI has support for 64 bit atomics
[2020.04.14-20.33.08:802][  0]LogD3D11RHI: Async texture creation enabled
[2020.04.14-20.33.08:860][  0]LogD3D11RHI: GPU Timing Frequency: 1000.000000 (Debug: 2 1)
[2020.04.14-20.33.09:190][  0]LogTargetPlatformManager: Display: Loaded TargetPlatform 'AllDesktop'
[2020.04.14-20.33.09:227][  0]LogTargetPlatformManager: Display: Loaded TargetPlatform 'Android'
[2020.04.14-20.33.09:227][  0]LogTargetPlatformManager: Display: Loaded TargetPlatform 'Android_ASTC'
[2020.04.14-20.33.09:227][  0]LogTargetPlatformManager: Display: Loaded TargetPlatform 'Android_ATC'
[2020.04.14-20.33.09:227][  0]LogTargetPlatformManager: Display: Loaded TargetPlatform 'Android_DXT'
[2020.04.14-20.33.09:227][  0]LogTargetPlatformManager: Display: Loaded TargetPlatform 'Android_ETC1'
[2020.04.14-20.33.09:227][  0]LogTargetPlatformManager: Display: Loaded TargetPlatform 'Android_ETC1a'
[2020.04.14-20.33.09:227][  0]LogTargetPlatformManager: Display: Loaded TargetPlatform 'Android_ETC2'
[2020.04.14-20.33.09:227][  0]LogTargetPlatformManager: Display: Loaded TargetPlatform 'Android_PVRTC'
[2020.04.14-20.33.09:227][  0]LogTargetPlatformManager: Display: Loaded TargetPlatform 'AndroidClient'
[2020.04.14-20.33.09:227][  0]LogTargetPlatformManager: Display: Loaded TargetPlatform 'Android_ASTCClient'
[2020.04.14-20.33.09:227][  0]LogTargetPlatformManager: Display: Loaded TargetPlatform 'Android_ATCClient'
[2020.04.14-20.33.09:227][  0]LogTargetPlatformManager: Display: Loaded TargetPlatform 'Android_DXTClient'
[2020.04.14-20.33.09:227][  0]LogTargetPlatformManager: Display: Loaded TargetPlatform 'Android_ETC1Client'
[2020.04.14-20.33.09:227][  0]LogTargetPlatformManager: Display: Loaded TargetPlatform 'Android_ETC1aClient'
[2020.04.14-20.33.09:227][  0]LogTargetPlatformManager: Display: Loaded TargetPlatform 'Android_ETC2Client'
[2020.04.14-20.33.09:227][  0]LogTargetPlatformManager: Display: Loaded TargetPlatform 'Android_PVRTCClient'
[2020.04.14-20.33.09:227][  0]LogTargetPlatformManager: Display: Loaded TargetPlatform 'Android_Multi'
[2020.04.14-20.33.09:227][  0]LogTargetPlatformManager: Display: Loaded TargetPlatform 'Android_MultiClient'
[2020.04.14-20.33.09:250][  0]LogTargetPlatformManager: Display: Loaded TargetPlatform 'IOSClient'
[2020.04.14-20.33.09:250][  0]LogTargetPlatformManager: Display: Loaded TargetPlatform 'IOS'
[2020.04.14-20.33.09:259][  0]LogTargetPlatformManager: Display: Loaded TargetPlatform 'LinuxNoEditor'
[2020.04.14-20.33.09:270][  0]LogTargetPlatformManager: Display: Loaded TargetPlatform 'LinuxClient'
[2020.04.14-20.33.09:280][  0]LogTargetPlatformManager: Display: Loaded TargetPlatform 'LinuxServer'
[2020.04.14-20.33.09:290][  0]LogTargetPlatformManager: Display: Loaded TargetPlatform 'LinuxAArch64NoEditor'
[2020.04.14-20.33.09:300][  0]LogTargetPlatformManager: Display: Loaded TargetPlatform 'LinuxAArch64Client'
[2020.04.14-20.33.09:308][  0]LogTargetPlatformManager: Display: Loaded TargetPlatform 'LinuxAArch64Server'
[2020.04.14-20.33.09:335][  0]LogTargetPlatformManager: Display: Loaded TargetPlatform 'Lumin'
[2020.04.14-20.33.09:335][  0]LogTargetPlatformManager: Display: Loaded TargetPlatform 'LuminClient'
[2020.04.14-20.33.09:352][  0]LogTargetPlatformManager: Display: Loaded TargetPlatform 'TVOSClient'
[2020.04.14-20.33.09:352][  0]LogTargetPlatformManager: Display: Loaded TargetPlatform 'TVOS'
[2020.04.14-20.33.09:361][  0]LogTargetPlatformManager: Display: Loaded TargetPlatform 'WindowsNoEditor'
[2020.04.14-20.33.09:370][  0]LogTargetPlatformManager: Display: Loaded TargetPlatform 'Windows'
[2020.04.14-20.33.09:379][  0]LogTargetPlatformManager: Display: Loaded TargetPlatform 'WindowsClient'
[2020.04.14-20.33.09:387][  0]LogTargetPlatformManager: Display: Loaded TargetPlatform 'WindowsServer'
[2020.04.14-20.33.09:387][  0]LogTargetPlatformManager: Display: Building Assets For Windows
[2020.04.14-20.33.09:390][  0]LogAudioDebug: Display: Lib vorbis DLL was dynamically loaded.
[2020.04.14-20.33.09:415][  0]LogShaderCompilers: Guid format shader working directory is -31 characters bigger than the processId version (../../../../../../Users/jaqso/Documents/Unreal/Projects/ArchitectureExplorer/Intermediate/Shaders/WorkingDirectory/56816/).
[2020.04.14-20.33.09:415][  0]LogShaderCompilers: Cleaned the shader compiler working directory 'C:/Users/jaqso/AppData/Local/Temp/UnrealShaderWorkingDir/C450AB8542C210A3BB1C999E16CD431E/'.
[2020.04.14-20.33.09:415][  0]LogXGEController: Cannot use XGE Controller as Incredibuild is not installed on this machine.
[2020.04.14-20.33.09:415][  0]LogShaderCompilers: Cannot use XGE Shader Compiler as Incredibuild is not installed on this machine.
[2020.04.14-20.33.09:415][  0]LogShaderCompilers: Display: Using Local Shader Compiler.
[2020.04.14-20.33.10:256][  0]LogDerivedDataCache: Display: Max Cache Size: 512 MB
[2020.04.14-20.33.10:317][  0]LogDerivedDataCache: Loaded boot cache 0.06s 81MB C:/Users/jaqso/AppData/Local/UnrealEngine/4.24/DerivedDataCache/Boot.ddc.
[2020.04.14-20.33.10:317][  0]LogDerivedDataCache: Display: Loaded Boot cache: C:/Users/jaqso/AppData/Local/UnrealEngine/4.24/DerivedDataCache/Boot.ddc
[2020.04.14-20.33.10:317][  0]LogDerivedDataCache: FDerivedDataBackendGraph:  Pak pak cache file ../../../../../../Users/jaqso/Documents/Unreal/Projects/ArchitectureExplorer/DerivedDataCache/DDC.ddp not found, will not use a pak cache.
[2020.04.14-20.33.10:317][  0]LogDerivedDataCache: Unable to find inner node Pak for hierarchical cache Hierarchy.
[2020.04.14-20.33.10:317][  0]LogDerivedDataCache: FDerivedDataBackendGraph:  CompressedPak pak cache file ../../../../../../Users/jaqso/Documents/Unreal/Projects/ArchitectureExplorer/DerivedDataCache/Compressed.ddp not found, will not use a pak cache.
[2020.04.14-20.33.10:317][  0]LogDerivedDataCache: Unable to find inner node CompressedPak for hierarchical cache Hierarchy.
[2020.04.14-20.33.10:329][  0]LogDerivedDataCache: Display: Pak cache opened for reading ../../../Engine/DerivedDataCache/Compressed.ddp.
[2020.04.14-20.33.10:329][  0]LogDerivedDataCache: FDerivedDataBackendGraph:  EnterprisePak pak cache file ../../../Enterprise/DerivedDataCache/Compressed.ddp not found, will not use a pak cache.
[2020.04.14-20.33.10:329][  0]LogDerivedDataCache: Unable to find inner node EnterprisePak for hierarchical cache Hierarchy.
[2020.04.14-20.33.10:330][  0]LogDerivedDataCache: Using Local data cache path C:/Users/jaqso/AppData/Local/UnrealEngine/Common/DerivedDataCache: Writable
[2020.04.14-20.33.10:330][  0]LogDerivedDataCache: Shared data cache path not found in *engine.ini, will not use an Shared cache.
[2020.04.14-20.33.10:330][  0]LogDerivedDataCache: Unable to find inner node Shared for hierarchical cache Hierarchy.
[2020.04.14-20.33.10:360][  0]LogMaterial: Verifying Global Shaders for PCD3D_SM5
[2020.04.14-20.33.10:363][  0]LogSlate: Using FreeType 2.10.0
[2020.04.14-20.33.10:363][  0]LogSlate: SlateFontServices - WITH_FREETYPE: 1, WITH_HARFBUZZ: 1
[2020.04.14-20.33.10:429][  0]LogAssetRegistry: FAssetRegistry took 0.0029 seconds to start up
[2020.04.14-20.33.10:750][  0]LogInit: Selected Device Profile: [Windows]
[2020.04.14-20.33.10:918][  0]LogMeshReduction: Using QuadricMeshReduction for automatic static mesh reduction
[2020.04.14-20.33.10:918][  0]LogMeshReduction: Using SimplygonMeshReduction for automatic skeletal mesh reduction
[2020.04.14-20.33.10:918][  0]LogMeshReduction: Using ProxyLODMeshReduction for automatic mesh merging
[2020.04.14-20.33.10:918][  0]LogMeshReduction: No distributed automatic mesh merging module available
[2020.04.14-20.33.10:918][  0]LogMeshMerging: No distributed automatic mesh merging module available
[2020.04.14-20.33.10:932][  0]LogNetVersion: ArchitectureExplorer 1.0.0, NetCL: 10570792, EngineNetVer: 13, GameNetVer: 0 (Checksum: 882791345)
[2020.04.14-20.33.12:077][  0]LogPackageLocalizationCache: Processed 10 localized package path(s) for 1 prioritized culture(s) in 0.061283 seconds
[2020.04.14-20.33.12:084][  0]LogUObjectArray: 46750 objects as part of root set at end of initial load.
[2020.04.14-20.33.12:084][  0]LogUObjectAllocator: 8137160 out of 0 bytes used by permanent object pool.
[2020.04.14-20.33.12:084][  0]LogUObjectArray: CloseDisregardForGC: 0/0 objects in disregard for GC pool
[2020.04.14-20.33.12:484][  0]LogTcpMessaging: Initializing TcpMessaging bridge
[2020.04.14-20.33.12:486][  0]LogUdpMessaging: Initializing bridge on interface 0.0.0.0:0 to multicast group 230.0.0.1:6666.
[2020.04.14-20.33.12:566][  0]SourceControl: Source control is disabled
[2020.04.14-20.33.13:162][  0]LogAndroidPermission: UAndroidPermissionCallbackProxy::GetInstance
[2020.04.14-20.33.13:173][  0]LogAudioCaptureCore: Display: No Audio Capture implementations found. Audio input will be silent.
[2020.04.14-20.33.13:173][  0]LogAudioCaptureCore: Display: No Audio Capture implementations found. Audio input will be silent.
[2020.04.14-20.33.13:269][  0]LogOcInput: OculusInput pre-init called
[2020.04.14-20.33.13:885][  0]LogEngine: Initializing Engine...
[2020.04.14-20.33.13:886][  0]LogHMD: Oculus plugin initialized. Version: 4.24.3-11590370+++UE4+Release-4.24, OVRPlugin: 1.40.0
[2020.04.14-20.33.13:887][  0]LogStats: UGameplayTagsManager::InitializeManager -  0.000 s
[2020.04.14-20.33.14:235][  0]LogInit: Initializing FReadOnlyCVARCache
[2020.04.14-20.33.14:241][  0]LogAIModule: Creating AISystem for world Untitled
[2020.04.14-20.33.14:336][  0]LogAudioMixer: Display: Audio Mixer Platform Settings:
[2020.04.14-20.33.14:336][  0]LogAudioMixer: Display: 	Sample Rate:						  48000
[2020.04.14-20.33.14:336][  0]LogAudioMixer: Display: 	Callback Buffer Frame Size Requested: 1024
[2020.04.14-20.33.14:336][  0]LogAudioMixer: Display: 	Callback Buffer Frame Size To Use:	  1024
[2020.04.14-20.33.14:336][  0]LogAudioMixer: Display: 	Number of buffers to queue:			  2
[2020.04.14-20.33.14:336][  0]LogAudioMixer: Display: 	Max Channels (voices):				  32
[2020.04.14-20.33.14:336][  0]LogAudioMixer: Display: 	Number of Async Source Workers:		  0
[2020.04.14-20.33.14:336][  0]LogAudio: Display: AudioDevice MaxSources: 32
[2020.04.14-20.33.14:337][  0]LogAudio: Display: Using built-in audio occlusion.
[2020.04.14-20.33.14:337][  0]LogAudioMixer: Display: Initializing audio mixer.
[2020.04.14-20.33.14:378][  0]LogAudioMixer: Display: Audio Device Output Speaker Info:
[2020.04.14-20.33.14:378][  0]LogAudioMixer: Display: Name: Speakers (Realtek(R) Audio)
[2020.04.14-20.33.14:378][  0]LogAudioMixer: Display: Is Default: Yes
[2020.04.14-20.33.14:378][  0]LogAudioMixer: Display: Sample Rate: 48000
[2020.04.14-20.33.14:378][  0]LogAudioMixer: Display: Channel Count Used: 2
[2020.04.14-20.33.14:378][  0]LogAudioMixer: Display: Device Channel Count: 2
[2020.04.14-20.33.14:378][  0]LogAudioMixer: Display: Channel Order:
[2020.04.14-20.33.14:378][  0]LogAudioMixer: Display: 0: FrontLeft
[2020.04.14-20.33.14:378][  0]LogAudioMixer: Display: 1: FrontRight
[2020.04.14-20.33.14:402][  0]LogAudioMixer: Display: Using Audio Device Speakers (Realtek(R) Audio)
[2020.04.14-20.33.14:408][  0]LogInit: FAudioDevice initialized.
[2020.04.14-20.33.14:408][  0]LogNetVersion: Set ProjectVersion to 1.0.0.0. Version Checksum will be recalculated on next use.
[2020.04.14-20.33.14:478][  0]LogDerivedDataCache: Saved boot cache 0.07s 81MB C:/Users/jaqso/AppData/Local/UnrealEngine/4.24/DerivedDataCache/Boot.ddc.
[2020.04.14-20.33.14:482][  0]LogInit: Texture streaming: Enabled
[2020.04.14-20.33.14:490][  0]LogEngineSessionManager: EngineSessionManager initialized
[2020.04.14-20.33.14:490][  0]LogEditorSessionSummary: Verbose: Initializing EditorSessionSummaryWriter for editor session tracking
[2020.04.14-20.33.14:528][  0]LogEditorSessionSummary: EditorSessionSummaryWriter initialized
[2020.04.14-20.33.14:580][  0]LogInit: Transaction tracking system initialized
[2020.04.14-20.33.14:589][  0]BlueprintLog: New page: Editor Load
[2020.04.14-20.33.14:612][  0]LocalizationService: Localization service is disabled
[2020.04.14-20.33.14:908][  0]LogFileCache: Scanning file cache for directory 'C:/Users/jaqso/Documents/Unreal/Projects/ArchitectureExplorer/Content/' took 0.00s
[2020.04.14-20.33.14:908][  0]LogCook: Display: Max memory allowance for cook 16384mb min free memory 0mb
[2020.04.14-20.33.14:908][  0]LogCook: Display: Mobile HDR setting 1
[2020.04.14-20.33.15:542][  0]Cmd: MAP LOAD FILE="../../../../../../Users/jaqso/Documents/Unreal/Projects/ArchitectureExplorer/Content/MainMap.umap" TEMPLATE=0 SHOWPROGRESS=1 FEATURELEVEL=3
[2020.04.14-20.33.15:547][  0]LightingResults: New page: Lighting Build
[2020.04.14-20.33.15:548][  0]LogWorld: UWorld::CleanupWorld for Untitled, bSessionEnded=true, bCleanupResources=true
[2020.04.14-20.33.15:548][  0]LogSlate: InvalidateAllWidgets triggered.  All widgets were invalidated
[2020.04.14-20.33.15:548][  0]MapCheck: New page: Map Check
[2020.04.14-20.33.15:548][  0]LightingResults: New page: Lighting Build
[2020.04.14-20.33.15:582][  0]LogUObjectHash: Compacting FUObjectHashTables data took   1.67ms
[2020.04.14-20.33.16:349][  0]LogBlueprint: Warning: [Compiler BP_Security_Screen_Button] InputAction Event references unknown Action 'ButtonPress' for  InputAction ButtonPress
[2020.04.14-20.33.16:917][  0]LogProperty: Warning: Serialized Class /Script/HeadMountedDisplay.MotionControllerComponent for a property of Class /Script/ArchitectureExplorer.HandController. Reference will be nullptred.
    Property = ObjectProperty /Script/ArchitectureExplorer.VRCharacter:LeftController
    Item = MotionControllerComponent /Game/BP_VRCharacter.Default__BP_VRCharacter_C:Left Controller
[2020.04.14-20.33.16:917][  0]LogProperty: Warning: Serialized Class /Script/HeadMountedDisplay.MotionControllerComponent for a property of Class /Script/ArchitectureExplorer.HandController. Reference will be nullptred.
    Property = ObjectProperty /Script/ArchitectureExplorer.VRCharacter:RightController
    Item = MotionControllerComponent /Game/BP_VRCharacter.Default__BP_VRCharacter_C:Right Controller
[2020.04.14-20.33.21:259][  0]LogBlueprint: Warning: USimpleConstructionScript::FixupRootNodeParentReferences() - Couldn't find native parent component 'Left Controller' for 'Left' in BlueprintGeneratedClass 'BP_VRCharacter_C' (it may have been removed)
[2020.04.14-20.33.21:259][  0]LogBlueprint: Warning: USimpleConstructionScript::FixupRootNodeParentReferences() - Couldn't find native parent component 'Right Controller' for 'Right' in BlueprintGeneratedClass 'BP_VRCharacter_C' (it may have been removed)
[2020.04.14-20.33.21:756][  0]LogAIModule: Creating AISystem for world MainMap
[2020.04.14-20.33.21:861][  0]LogEditorServer: Finished looking for orphan Actors (0.000 secs)
[2020.04.14-20.33.21:912][  0]LogUObjectHash: Compacting FUObjectHashTables data took   3.48ms
[2020.04.14-20.33.21:918][  0]Cmd: MAP CHECKDEP NOCLEARLOG
[2020.04.14-20.33.21:918][  0]MapCheck: Map check complete: 0 Error(s), 0 Warning(s), took 0.281ms to complete.
[2020.04.14-20.33.21:918][  0]LogFileHelpers: Loading map 'MainMap' took 6.376
[2020.04.14-20.33.22:096][  0]LogSlate: Updating window title bar state: overlay mode, drag disabled, window buttons hidden, title bar hidden
[2020.04.14-20.33.22:106][  0]LogSlate: Updating window title bar state: overlay mode, drag disabled, window buttons hidden, title bar hidden
[2020.04.14-20.33.22:115][  0]LogSlate: Updating window title bar state: overlay mode, drag disabled, window buttons hidden, title bar hidden
[2020.04.14-20.33.22:123][  0]LogSlate: Updating window title bar state: overlay mode, drag disabled, window buttons hidden, title bar hidden
[2020.04.14-20.33.22:137][  0]LogCollectionManager: Loaded 0 collections in 0.002718 seconds
[2020.04.14-20.33.22:155][  0]LogFileCache: Scanning file cache for directory 'C:/Users/jaqso/Documents/Unreal/Projects/ArchitectureExplorer/Saved/Collections/' took 0.00s
[2020.04.14-20.33.22:155][  0]LogFileCache: Scanning file cache for directory 'C:/Users/jaqso/Documents/Unreal/Projects/ArchitectureExplorer/Content/Developers/jaqso/Collections/' took 0.00s
[2020.04.14-20.33.22:155][  0]LogFileCache: Scanning file cache for directory 'C:/Users/jaqso/Documents/Unreal/Projects/ArchitectureExplorer/Content/Collections/' took 0.00s
[2020.04.14-20.33.22:155][  0]LogContentBrowser: Native class hierarchy populated in 0.0116 seconds. Added 3018 classes and 719 folders.
[2020.04.14-20.33.22:162][  0]LogContentBrowser: Native class hierarchy updated for 'WidgetCarousel' in 0.0006 seconds. Added 0 classes and 0 folders.
[2020.04.14-20.33.22:577][  0]LogContentBrowser: Native class hierarchy updated for 'AddContentDialog' in 0.0003 seconds. Added 0 classes and 0 folders.
[2020.04.14-20.33.22:586][  0]LogContentBrowser: Native class hierarchy updated for 'SceneOutliner' in 0.0005 seconds. Added 2 classes and 3 folders.
[2020.04.14-20.33.22:738][  0]LogSlate: Took 0.000146 seconds to synchronously load lazily loaded font '../../../Engine/Content/Slate/Fonts/Roboto-Regular.ttf' (155K)
[2020.04.14-20.33.22:740][  0]LogSlate: Took 0.000178 seconds to synchronously load lazily loaded font '../../../Engine/Content/Slate/Fonts/Roboto-Bold.ttf' (160K)
[2020.04.14-20.33.22:750][  0]LogSlate: Took 0.005813 seconds to synchronously load lazily loaded font '../../../Engine/Content/Editor/Slate/Fonts/FontAwesome.ttf' (139K)
[2020.04.14-20.33.22:927][  0]LogRenderer: Reallocating scene render targets to support 1160x624 Format 10 NumSamples 1 (Frame:1).
[2020.04.14-20.33.23:006][  0]LogSlate: Took 0.005732 seconds to synchronously load lazily loaded font '../../../Engine/Content/Slate/Fonts/Roboto-Light.ttf' (167K)
[2020.04.14-20.33.23:103][  0]LogContentBrowser: Native class hierarchy updated for 'HierarchicalLODOutliner' in 0.0004 seconds. Added 0 classes and 0 folders.
[2020.04.14-20.33.23:103][  0]LogLoad: (Engine Initialization) Total time: 16.17 seconds
[2020.04.14-20.33.23:103][  0]LogLoad: (Engine Initialization) Total Blueprint compile time: 0.00 seconds
[2020.04.14-20.33.23:129][  0]LogOcInput: OculusInput is initialized
[2020.04.14-20.33.23:183][  0]LogContentStreaming: Texture pool size now 1000 MB
[2020.04.14-20.33.23:224][  1]PIE: Warning: AttachTo: '/Engine/Transient.World_1:PersistentLevel.BP_VRCharacter_C_0.Teleport Path' is not static  (in blueprint "BP_VRCharacter"), cannot attach '/Engine/Transient.World_1:PersistentLevel.BP_VRCharacter_C_0.SplineMesh' which is static to it. Aborting.
[2020.04.14-20.33.23:247][  1]LogAssetRegistry: Asset discovery search completed in 12.8197 seconds
[2020.04.14-20.33.23:250][  1]LogCollectionManager: Fixed up redirectors for 0 collections in 0.000011 seconds (updated 0 objects)
[2020.04.14-20.34.34:302][214]LogHotReload: New module detected: UE4Editor-ArchitectureExplorer-0116.dll
[2020.04.14-20.34.35:333][218]LogHotReload: Starting Hot-Reload from IDE
[2020.04.14-20.34.35:338][218]LogSlate: Took 0.000220 seconds to synchronously load lazily loaded font '../../../Engine/Content/Slate/Fonts/Roboto-Light.ttf' (167K)
[2020.04.14-20.34.35:387][218]LogUObjectHash: Compacting FUObjectHashTables data took   0.94ms
[2020.04.14-20.34.35:414][218]LogHotReload: Re-instancing VRCharacter after hot-reload.
[2020.04.14-20.34.35:424][218]PIE: Warning: AttachTo: '/Engine/Transient.World_1:PersistentLevel.BP_VRCharacter_C_0.Teleport Path' is not static  (in blueprint "BP_VRCharacter"), cannot attach '/Engine/Transient.World_1:PersistentLevel.BP_VRCharacter_C_0.SplineMesh' which is static to it. Aborting.
[2020.04.14-20.34.35:686][218]LogContentBrowser: Native class hierarchy updated for 'ArchitectureExplorer' in 0.0005 seconds. Added 3 classes and 2 folders.
[2020.04.14-20.34.35:689][218]Display: HotReload successful (0 functions remapped  0 scriptstructs remapped)
[2020.04.14-20.34.35:752][218]LogUObjectHash: Compacting FUObjectHashTables data took   1.83ms
[2020.04.14-20.34.35:763][218]LogContentBrowser: Native class hierarchy populated in 0.0068 seconds. Added 3020 classes and 722 folders.
[2020.04.14-20.34.35:768][218]Display: HotReload took  0.4s.
[2020.04.14-20.34.39:843][230]PIE: Warning: AttachTo: '/Engine/Transient.World_1:PersistentLevel.BP_VRCharacter_C_1.Teleport Path' is not static  (in blueprint "BP_VRCharacter"), cannot attach '/Engine/Transient.World_1:PersistentLevel.BP_VRCharacter_C_1.SplineMesh' which is static to it. Aborting.
[2020.04.14-20.35.14:414][334]LogD3D11RHI: Timed out while waiting for GPU to catch up. (0.5 s) (ErrorCode 00000001)
[2020.04.14-20.35.14:916][335]LogD3D11RHI: Timed out while waiting for GPU to catch up. (0.5 s) (ErrorCode 00000001)
[2020.04.14-20.35.15:392][337]LogRendererCore: Warning: Query 'SlateUI' not ready.
[2020.04.14-20.38.20:866][892]LogHotReload: New module detected: UE4Editor-ArchitectureExplorer-0117.dll
[2020.04.14-20.38.22:239][897]LogHotReload: Starting Hot-Reload from IDE
[2020.04.14-20.38.22:280][897]LogUObjectHash: Compacting FUObjectHashTables data took   2.03ms
[2020.04.14-20.38.22:311][897]LogContentBrowser: Native class hierarchy updated for 'ArchitectureExplorer' in 0.0006 seconds. Added 3 classes and 2 folders.
[2020.04.14-20.38.22:317][897]Display: HotReload successful (0 functions remapped  0 scriptstructs remapped)
[2020.04.14-20.38.22:410][897]LogUObjectHash: Compacting FUObjectHashTables data took   2.13ms
[2020.04.14-20.38.22:426][897]LogContentBrowser: Native class hierarchy populated in 0.0090 seconds. Added 3020 classes and 722 folders.
[2020.04.14-20.38.22:430][897]Display: HotReload took  0.2s.
[2020.04.14-20.39.15:122][ 55]LogD3D11RHI: Timed out while waiting for GPU to catch up. (0.5 s) (ErrorCode 00000001)
[2020.04.14-20.39.21:465][ 74]LogD3D11RHI: Timed out while waiting for GPU to catch up. (0.5 s) (ErrorCode 00000001)
[2020.04.14-20.39.21:966][ 75]LogD3D11RHI: Timed out while waiting for GPU to catch up. (0.5 s) (ErrorCode 00000001)
[2020.04.14-20.40.14:420][232]LogHotReload: New module detected: UE4Editor-ArchitectureExplorer-0118.dll
[2020.04.14-20.40.15:472][236]LogHotReload: Starting Hot-Reload from IDE
[2020.04.14-20.40.15:512][236]LogUObjectHash: Compacting FUObjectHashTables data took   0.82ms
[2020.04.14-20.40.15:525][236]LogContentBrowser: Native class hierarchy updated for 'ArchitectureExplorer' in 0.0004 seconds. Added 3 classes and 2 folders.
[2020.04.14-20.40.15:529][236]Display: HotReload successful (0 functions remapped  0 scriptstructs remapped)
[2020.04.14-20.40.15:599][236]LogUObjectHash: Compacting FUObjectHashTables data took   1.43ms
[2020.04.14-20.40.15:615][236]LogContentBrowser: Native class hierarchy populated in 0.0091 seconds. Added 3020 classes and 722 folders.
[2020.04.14-20.40.15:620][236]Display: HotReload took  0.1s.
[2020.04.14-20.41.20:350][430]LogD3D11RHI: Timed out while waiting for GPU to catch up. (0.5 s) (ErrorCode 00000001)
[2020.04.14-20.41.20:851][431]LogD3D11RHI: Timed out while waiting for GPU to catch up. (0.5 s) (ErrorCode 00000001)
[2020.04.14-20.41.21:352][432]LogD3D11RHI: Timed out while waiting for GPU to catch up. (0.5 s) (ErrorCode 00000001)
[2020.04.14-20.41.21:821][433]LogRendererCore: Warning: Query 'SlateUI' not ready.
[2020.04.14-22.54.52:051][434]LogHotReload: New module detected: UE4Editor-ArchitectureExplorer-0119.dll
[2020.04.14-22.54.53:405][439]LogHotReload: Starting Hot-Reload from IDE
[2020.04.14-22.54.53:474][439]LogUObjectHash: Compacting FUObjectHashTables data took   7.36ms
[2020.04.14-22.54.53:520][439]LogClass: Could not find existing class HandController in package /Script/ArchitectureExplorer for HotReload, assuming new class
[2020.04.14-22.54.53:544][439]LogHotReload: Re-instancing HandController after hot-reload.
[2020.04.14-22.54.53:723][439]LogContentBrowser: Native class hierarchy updated for 'ArchitectureExplorer' in 0.0016 seconds. Added 3 classes and 2 folders.
[2020.04.14-22.54.53:727][439]Display: HotReload successful (0 functions remapped  0 scriptstructs remapped)
[2020.04.14-22.54.53:799][439]LogUObjectHash: Compacting FUObjectHashTables data took   3.54ms
[2020.04.14-22.54.53:821][439]LogContentBrowser: Native class hierarchy populated in 0.0110 seconds. Added 3020 classes and 722 folders.
[2020.04.14-22.54.53:826][439]Display: HotReload took  0.4s.
[2020.04.14-22.55.47:944][601]LogHotReload: New module detected: UE4Editor-ArchitectureExplorer-0120.dll
[2020.04.14-22.55.48:971][605]LogHotReload: Starting Hot-Reload from IDE
[2020.04.14-22.55.49:017][605]LogUObjectHash: Compacting FUObjectHashTables data took   0.82ms
[2020.04.14-22.55.49:022][605]LogClass: Could not find existing class HandController in package /Script/ArchitectureExplorer for HotReload, assuming new class
[2020.04.14-22.55.49:022][605]LogClass: Function ActorBeginOverlap is new.
[2020.04.14-22.55.49:022][605]LogClass: Function ActorEndOverlap is new.
[2020.04.14-22.55.49:041][605]LogHotReload: Re-instancing HandController after hot-reload.
[2020.04.14-22.55.49:192][605]LogContentBrowser: Native class hierarchy updated for 'ArchitectureExplorer' in 0.0004 seconds. Added 3 classes and 2 folders.
[2020.04.14-22.55.49:195][605]Display: HotReload successful (0 functions remapped  0 scriptstructs remapped)
[2020.04.14-22.55.49:263][605]LogUObjectHash: Compacting FUObjectHashTables data took   1.43ms
[2020.04.14-22.55.49:277][605]LogContentBrowser: Native class hierarchy populated in 0.0088 seconds. Added 3020 classes and 722 folders.
[2020.04.14-22.55.49:281][605]Display: HotReload took  0.3s.
[2020.04.14-22.59.15:339][222]LogD3D11RHI: Timed out while waiting for GPU to catch up. (0.5 s) (ErrorCode 00000001)
[2020.04.14-22.59.15:840][223]LogD3D11RHI: Timed out while waiting for GPU to catch up. (0.5 s) (ErrorCode 00000001)
[2020.04.14-23.00.32:362][450]LogD3D11RHI: Timed out while waiting for GPU to catch up. (0.5 s) (ErrorCode 00000001)
[2020.04.14-23.00.32:863][451]LogD3D11RHI: Timed out while waiting for GPU to catch up. (0.5 s) (ErrorCode 00000001)
[2020.04.14-23.03.25:501][961]LogHotReload: New module detected: UE4Editor-ArchitectureExplorer-0122.dll
[2020.04.14-23.03.26:870][966]LogHotReload: Starting Hot-Reload from IDE
[2020.04.14-23.03.26:927][966]LogUObjectHash: Compacting FUObjectHashTables data took   1.27ms
[2020.04.14-23.03.26:959][966]LogContentBrowser: Native class hierarchy updated for 'ArchitectureExplorer' in 0.0007 seconds. Added 3 classes and 2 folders.
[2020.04.14-23.03.26:965][966]Display: HotReload successful (2 functions remapped  0 scriptstructs remapped)
[2020.04.14-23.03.27:036][966]LogUObjectHash: Compacting FUObjectHashTables data took   1.57ms
[2020.04.14-23.03.27:056][966]LogContentBrowser: Native class hierarchy populated in 0.0132 seconds. Added 3020 classes and 722 folders.
[2020.04.14-23.03.27:061][966]Display: HotReload took  0.2s.
[2020.04.14-23.05.45:332][380]LogHotReload: New module detected: UE4Editor-ArchitectureExplorer-0123.dll
[2020.04.14-23.05.46:365][384]LogHotReload: Starting Hot-Reload from IDE
[2020.04.14-23.05.46:423][384]LogUObjectHash: Compacting FUObjectHashTables data took   1.02ms
[2020.04.14-23.05.46:468][384]LogContentBrowser: Native class hierarchy updated for 'ArchitectureExplorer' in 0.0006 seconds. Added 3 classes and 2 folders.
[2020.04.14-23.05.46:474][384]Display: HotReload successful (2 functions remapped  0 scriptstructs remapped)
[2020.04.14-23.05.46:554][384]LogUObjectHash: Compacting FUObjectHashTables data took   2.75ms
[2020.04.14-23.05.46:573][384]LogContentBrowser: Native class hierarchy populated in 0.0116 seconds. Added 3020 classes and 722 folders.
[2020.04.14-23.05.46:577][384]Display: HotReload took  0.2s.
[2020.04.14-23.05.53:420][519]LogTemp: Repeating last play command: VR Preview
[2020.04.14-23.05.53:452][519]LogBlueprintUserMessages: Early PlayInEditor Detection: Level '/Game/MainMap.MainMap:PersistentLevel' has LevelScriptBlueprint '/Game/MainMap.MainMap:PersistentLevel.MainMap' with GeneratedClass '/Game/MainMap.MainMap_C' with ClassGeneratedBy '/Game/MainMap.MainMap:PersistentLevel.MainMap'
[2020.04.14-23.05.53:453][519]LogPlayLevel: PlayLevel: No blueprints needed recompiling
[2020.04.14-23.05.53:465][519]PIE: New page: PIE session: MainMap (Apr 14, 2020, 9:05:53 AM)
[2020.04.14-23.05.53:477][519]LogOnline: OSS: Creating online subsystem instance for: NULL
[2020.04.14-23.05.53:481][519]LogOnline: OSS: TryLoadSubsystemAndSetDefault: Loaded subsystem for module [NULL]
[2020.04.14-23.05.53:482][519]LogPlayLevel: Creating play world package: /Game/UEDPIE_0_MainMap
[2020.04.14-23.05.53:598][519]LogPlayLevel: PIE: StaticDuplicateObject took: (0.110945s)
[2020.04.14-23.05.53:602][519]LogAIModule: Creating AISystem for world MainMap
[2020.04.14-23.05.53:604][519]LogPlayLevel: PIE: World Init took: (0.005193s)
[2020.04.14-23.05.53:604][519]LogPlayLevel: PIE: Created PIE world by copying editor world from /Game/MainMap.MainMap to /Game/UEDPIE_0_MainMap.MainMap (0.121237s)
[2020.04.14-23.05.53:636][519]LogUObjectHash: Compacting FUObjectHashTables data took   2.17ms
[2020.04.14-23.05.53:644][519]LogHMD: Initializing OVRPlugin session
[2020.04.14-23.05.53:775][519]LogHMD: Allocating Oculus 3616 x 2000 rendertarget swapchain
[2020.04.14-23.05.53:776][519]LogAudioMixer: Display: Audio Mixer Platform Settings:
[2020.04.14-23.05.53:776][519]LogAudioMixer: Display: 	Sample Rate:						  48000
[2020.04.14-23.05.53:776][519]LogAudioMixer: Display: 	Callback Buffer Frame Size Requested: 1024
[2020.04.14-23.05.53:776][519]LogAudioMixer: Display: 	Callback Buffer Frame Size To Use:	  1024
[2020.04.14-23.05.53:776][519]LogAudioMixer: Display: 	Number of buffers to queue:			  2
[2020.04.14-23.05.53:776][519]LogAudioMixer: Display: 	Max Channels (voices):				  32
[2020.04.14-23.05.53:776][519]LogAudioMixer: Display: 	Number of Async Source Workers:		  0
[2020.04.14-23.05.53:776][519]LogAudio: Display: AudioDevice MaxSources: 32
[2020.04.14-23.05.53:777][519]LogAudio: Display: Using built-in audio occlusion.
[2020.04.14-23.05.53:777][519]LogAudioMixer: Display: Initializing audio mixer.
[2020.04.14-23.05.53:813][519]LogAudioMixer: Display: Audio Device Output Speaker Info:
[2020.04.14-23.05.53:813][519]LogAudioMixer: Display: Name: Speakers (Realtek(R) Audio)
[2020.04.14-23.05.53:813][519]LogAudioMixer: Display: Is Default: Yes
[2020.04.14-23.05.53:813][519]LogAudioMixer: Display: Sample Rate: 48000
[2020.04.14-23.05.53:813][519]LogAudioMixer: Display: Channel Count Used: 2
[2020.04.14-23.05.53:813][519]LogAudioMixer: Display: Device Channel Count: 2
[2020.04.14-23.05.53:813][519]LogAudioMixer: Display: Channel Order:
[2020.04.14-23.05.53:813][519]LogAudioMixer: Display: 0: FrontLeft
[2020.04.14-23.05.53:813][519]LogAudioMixer: Display: 1: FrontRight
[2020.04.14-23.05.53:816][519]LogAudioMixer: Display: Audio Device Output Speaker Info:
[2020.04.14-23.05.53:816][519]LogAudioMixer: Display: Name: Speakers (Realtek(R) Audio)
[2020.04.14-23.05.53:816][519]LogAudioMixer: Display: Is Default: Yes
[2020.04.14-23.05.53:816][519]LogAudioMixer: Display: Sample Rate: 48000
[2020.04.14-23.05.53:816][519]LogAudioMixer: Display: Channel Count Used: 2
[2020.04.14-23.05.53:817][519]LogAudioMixer: Display: Device Channel Count: 2
[2020.04.14-23.05.53:817][519]LogAudioMixer: Display: Channel Order:
[2020.04.14-23.05.53:817][519]LogAudioMixer: Display: 0: FrontLeft
[2020.04.14-23.05.53:817][519]LogAudioMixer: Display: 1: FrontRight
[2020.04.14-23.05.53:835][519]LogAudioMixer: Display: Using Audio Device Speakers (Realtek(R) Audio)
[2020.04.14-23.05.53:837][519]LogInit: FAudioDevice initialized.
[2020.04.14-23.05.53:859][519]LogSlate: Updating window title bar state: overlay mode, drag disabled, window buttons hidden, title bar hidden
[2020.04.14-23.05.53:893][519]LogLoad: Game class is 'BP_VRGameMode_C'
[2020.04.14-23.05.53:928][519]LogWorld: Bringing World /Game/UEDPIE_0_MainMap.MainMap up for play (max tick rate 0) at 2020.04.14-16.05.53
[2020.04.14-23.05.53:929][519]LogWorld: Bringing up level for play took: 0.029004
[2020.04.14-23.05.53:929][519]LogOnline: OSS: Creating online subsystem instance for: :Context_3
[2020.04.14-23.05.53:961][519]LogContentBrowser: Native class hierarchy updated for 'MovieSceneCapture' in 0.0004 seconds. Added 20 classes and 0 folders.
[2020.04.14-23.05.53:964][519]PIE: Warning: AttachTo: '/Game/UEDPIE_0_MainMap.MainMap:PersistentLevel.BP_VRCharacter_C_0.Teleport Path' is not static  (in blueprint "BP_VRCharacter"), cannot attach '/Game/UEDPIE_0_MainMap.MainMap:PersistentLevel.BP_VRCharacter_C_0.SplineMesh' which is static to it. Aborting.
[2020.04.14-23.05.53:971][519]LogSpawn: Warning: SpawnActor failed because no class was specified
[2020.04.14-23.05.53:971][519]LogSpawn: Warning: SpawnActor failed because no class was specified
[2020.04.14-23.05.54:004][519]PIE: Play in editor start time for /Game/UEDPIE_0_MainMap -0.042
[2020.04.14-23.05.54:008][519]LogBlueprintUserMessages: Late PlayInEditor Detection: Level '/Game/MainMap.MainMap:PersistentLevel' has LevelScriptBlueprint '/Game/MainMap.MainMap:PersistentLevel.MainMap' with GeneratedClass '/Game/MainMap.MainMap_C' with ClassGeneratedBy '/Game/MainMap.MainMap:PersistentLevel.MainMap'
[2020.04.14-23.05.54:008][519]LogEngine: Changing dynamic resolution state.
[2020.04.14-23.05.56:380][519]LogWindows: Error: === Critical error: ===
[2020.04.14-23.05.56:380][519]LogWindows: Error: 
[2020.04.14-23.05.56:380][519]LogWindows: Error: Fatal error!
[2020.04.14-23.05.56:380][519]LogWindows: Error: 
[2020.04.14-23.05.56:380][519]LogWindows: Error: Unhandled Exception: EXCEPTION_ACCESS_VIOLATION reading address 0x00000148
[2020.04.14-23.05.56:380][519]LogWindows: Error: 
[2020.04.14-23.05.56:380][519]LogWindows: Error: [Callstack] 0x00007fff2e7b551b UE4Editor-ArchitectureExplorer-0123.dll!AVRCharacter::FindTeleportDestination() [c:\users\jaqso\documents\unreal\projects\architectureexplorer\source\architectureexplorer\vrcharacter.cpp:150]
[2020.04.14-23.05.56:380][519]LogWindows: Error: [Callstack] 0x00007fff2e7b65ae UE4Editor-ArchitectureExplorer-0123.dll!AVRCharacter::UpdateDestinationMarker() [c:\users\jaqso\documents\unreal\projects\architectureexplorer\source\architectureexplorer\vrcharacter.cpp:289]
[2020.04.14-23.05.56:380][519]LogWindows: Error: [Callstack] 0x00007fff2e7b6458 UE4Editor-ArchitectureExplorer-0123.dll!AVRCharacter::Tick() [c:\users\jaqso\documents\unreal\projects\architectureexplorer\source\architectureexplorer\vrcharacter.cpp:95]
[2020.04.14-23.05.56:380][519]LogWindows: Error: [Callstack] 0x00007ffefd5cf402 UE4Editor-Engine.dll!UnknownFunction []
[2020.04.14-23.05.56:380][519]LogWindows: Error: [Callstack] 0x00007ffefd597866 UE4Editor-Engine.dll!UnknownFunction []
[2020.04.14-23.05.56:380][519]LogWindows: Error: [Callstack] 0x00007ffefe6d7223 UE4Editor-Engine.dll!UnknownFunction []
[2020.04.14-23.05.56:380][519]LogWindows: Error: [Callstack] 0x00007ffefe6e5256 UE4Editor-Engine.dll!UnknownFunction []
[2020.04.14-23.05.56:380][519]LogWindows: Error: [Callstack] 0x00007fff00359ff2 UE4Editor-Core.dll!UnknownFunction []
[2020.04.14-23.05.56:380][519]LogWindows: Error: [Callstack] 0x00007fff0035a393 UE4Editor-Core.dll!UnknownFunction []
[2020.04.14-23.05.56:380][519]LogWindows: Error: [Callstack] 0x00007fff0036aa68 UE4Editor-Core.dll!UnknownFunction []
[2020.04.14-23.05.56:380][519]LogWindows: Error: [Callstack] 0x00007ffefe7038b0 UE4Editor-Engine.dll!UnknownFunction []
[2020.04.14-23.05.56:380][519]LogWindows: Error: [Callstack] 0x00007ffefe7097c2 UE4Editor-Engine.dll!UnknownFunction []
[2020.04.14-23.05.56:380][519]LogWindows: Error: [Callstack] 0x00007ffefde8a25f UE4Editor-Engine.dll!UnknownFunction []
[2020.04.14-23.05.56:380][519]LogWindows: Error: [Callstack] 0x00007ffefde95127 UE4Editor-Engine.dll!UnknownFunction []
[2020.04.14-23.05.56:380][519]LogWindows: Error: [Callstack] 0x00007ffefc02ad60 UE4Editor-UnrealEd.dll!UnknownFunction []
[2020.04.14-23.05.56:380][519]LogWindows: Error: [Callstack] 0x00007ffefc88e476 UE4Editor-UnrealEd.dll!UnknownFunction []
[2020.04.14-23.05.56:380][519]LogWindows: Error: [Callstack] 0x00007ff781dd7f62 UE4Editor.exe!UnknownFunction []
[2020.04.14-23.05.56:380][519]LogWindows: Error: [Callstack] 0x00007ff781dec3ec UE4Editor.exe!UnknownFunction []
[2020.04.14-23.05.56:380][519]LogWindows: Error: [Callstack] 0x00007ff781dec4ca UE4Editor.exe!UnknownFunction []
[2020.04.14-23.05.56:380][519]LogWindows: Error: [Callstack] 0x00007ff781dfceae UE4Editor.exe!UnknownFunction []
[2020.04.14-23.05.56:380][519]LogWindows: Error: [Callstack] 0x00007ff781dffcbe UE4Editor.exe!UnknownFunction []
[2020.04.14-23.05.56:380][519]LogWindows: Error: [Callstack] 0x00007fff71707bd4 KERNEL32.DLL!UnknownFunction []
[2020.04.14-23.05.56:380][519]LogWindows: Error: [Callstack] 0x00007fff7190ced1 ntdll.dll!UnknownFunction []
[2020.04.14-23.05.56:380][519]LogWindows: Error: 
[2020.04.14-23.05.56:403][519]LogExit: Executing StaticShutdownAfterError
[2020.04.14-23.05.56:611][519]LogWindows: FPlatformMisc::RequestExit(1)
[2020.04.14-23.05.56:611][519]LogCore: Engine exit requested (reason: Win RequestExit)
[2020.04.14-23.05.56:627][519]Log file closed, 04/14/20 16:05:56
